<?xml version="1.0" encoding="UTF-8"?>
<!-- Generated by org.testng.reporters.JUnitXMLReporter -->
<testsuite ignored="0" hostname="Sona133" failures="1" tests="3" name="Test" time="16.284" errors="0" timestamp="2025-08-04T21:20:10 IST">
  <testcase classname="testCases.TC001_AccountRegistration" name="testAccountRegistration" time="0.732"/>
  <testcase classname="testCases.TC002_LoginTest" name="testLogin" time="0.351">
    <failure type="java.lang.AssertionError" message="null">
      <![CDATA[java.lang.AssertionError: null
at testCases.TC002_LoginTest.testLogin(TC002_LoginTest.java:36)
at java.base/java.util.ArrayList.forEach(ArrayList.java:1604)
... Removed 31 stack frames]]>
    </failure>
  </testcase> <!-- testLogin -->
  <testcase classname="testCases.TC004_BillPaymentService" name="testBillPaymentService" time="0.279"/>
</testsuite> <!-- Test -->
