<?xml version="1.0" encoding="UTF-8"?>
<!-- Generated by org.testng.reporters.JUnitXMLReporter -->
<testsuite ignored="0" hostname="Sona133" failures="1" tests="3" name="Test" time="21.404" errors="0" timestamp="2025-08-04T17:55:54 IST">
  <testcase classname="testCases.TC001_AccountRegistration" name="testAccountRegistration" time="0.922"/>
  <testcase classname="testCases.TC002_LoginTest" name="testLogin" time="0.517">
    <failure type="java.lang.AssertionError" message="null">
      <![CDATA[java.lang.AssertionError: null
at testCases.TC002_LoginTest.testLogin(TC002_LoginTest.java:36)
at java.base/java.util.ArrayList.forEach(ArrayList.java:1604)
... Removed 27 stack frames]]>
    </failure>
  </testcase> <!-- testLogin -->
  <testcase classname="testCases.TC004_BillPaymentService" name="testBillPaymentService" time="1.528"/>
</testsuite> <!-- Test -->
