<?xml version="1.0" encoding="UTF-8"?>
<!-- Generated by org.testng.reporters.JUnitXMLReporter -->
<testsuite ignored="0" hostname="Sona133" failures="0" tests="3" name="Windows Chrome Test" time="30.058" errors="0" timestamp="2025-07-31T21:30:47 IST">
  <testcase classname="testCases.TC001_AccountRegistration" name="testAccountRegistration" time="0.0">
    <skipped/>
  </testcase> <!-- testAccountRegistration -->
  <testcase classname="testCases.TC002_LoginTest" name="testLogin" time="0.0">
    <skipped/>
  </testcase> <!-- testLogin -->
  <testcase classname="testCases.TC004_BillPaymentService" name="testBillPaymentService" time="0.0">
    <skipped/>
  </testcase> <!-- testBillPaymentService -->
</testsuite> <!-- Windows Chrome Test -->
