<?xml version="1.0" encoding="UTF-8"?>
<!-- Generated by org.testng.reporters.JUnitXMLReporter -->
<testsuite ignored="0" hostname="Sona133" failures="1" tests="3" name="Test" time="39.62" errors="0" timestamp="2025-07-15T22:27:49 IST">
  <testcase classname="testCases.TC001_AccountRegistration" name="testAccountRegistration" time="3.125"/>
  <testcase classname="testCases.TC002_LoginTest" name="testLogin" time="12.358">
    <failure type="java.lang.AssertionError" message="Login failed expected [true] but found [false]">
      <![CDATA[java.lang.AssertionError: Login failed expected [true] but found [false]
at testCases.TC002_LoginTest.testLogin(TC002_LoginTest.java:29)
at java.base/java.util.ArrayList.forEach(ArrayList.java:1604)
... Removed 28 stack frames]]>
    </failure>
  </testcase> <!-- testLogin -->
  <testcase classname="testCases.TC004_BillPaymentService" name="testBillPaymentService" time="10.794"/>
</testsuite> <!-- Test -->
